2014-09-25 08:07:34 Error: [MissingControllerException] Controller class CakeunittestController could not be found.
Exception Attributes: array (
  'class' => 'CakeunittestController',
  'plugin' => NULL,
)
Request URL: /cakeUnitTest/public/cakeunittest/users/login
Stack Trace:
#0 /vagrant/cakeUnitTest/public/webroot/index.php(110): Dispatcher->dispatch(Object(CakeRequest), Object(CakeResponse))
#1 {main}
2014-09-25 08:07:38 Error: [MissingControllerException] Controller class CakeUnitTestController could not be found.
Exception Attributes: array (
  'class' => 'CakeUnitTestController',
  'plugin' => NULL,
)
Request URL: /cakeUnitTest/public/cakeUnitTest/public/favicon.ico
Stack Trace:
#0 /vagrant/cakeUnitTest/public/webroot/index.php(110): Dispatcher->dispatch(Object(CakeRequest), Object(CakeResponse))
#1 {main}
2014-09-25 08:07:39 Error: [MissingControllerException] Controller class CakeUnitTestController could not be found.
Exception Attributes: array (
  'class' => 'CakeUnitTestController',
  'plugin' => NULL,
)
Request URL: /cakeUnitTest/public/cakeUnitTest/public/favicon.ico
Stack Trace:
#0 /vagrant/cakeUnitTest/public/webroot/index.php(110): Dispatcher->dispatch(Object(CakeRequest), Object(CakeResponse))
#1 {main}
2014-09-25 08:07:40 Error: [MissingControllerException] Controller class CakeunittestController could not be found.
Exception Attributes: array (
  'class' => 'CakeunittestController',
  'plugin' => NULL,
)
Request URL: /cakeUnitTest/public/cakeunittest/
Stack Trace:
#0 /vagrant/cakeUnitTest/public/webroot/index.php(110): Dispatcher->dispatch(Object(CakeRequest), Object(CakeResponse))
#1 {main}
2014-09-25 08:07:42 Error: [MissingControllerException] Controller class CakeUnitTestController could not be found.
Exception Attributes: array (
  'class' => 'CakeUnitTestController',
  'plugin' => NULL,
)
Request URL: /cakeUnitTest/public/cakeUnitTest/public/favicon.ico
Stack Trace:
#0 /vagrant/cakeUnitTest/public/webroot/index.php(110): Dispatcher->dispatch(Object(CakeRequest), Object(CakeResponse))
#1 {main}
2014-09-25 08:07:44 Error: [MissingControllerException] Controller class CakeUnitTestController could not be found.
Exception Attributes: array (
  'class' => 'CakeUnitTestController',
  'plugin' => NULL,
)
Request URL: /cakeUnitTest/public/cakeUnitTest/public/favicon.ico
Stack Trace:
#0 /vagrant/cakeUnitTest/public/webroot/index.php(110): Dispatcher->dispatch(Object(CakeRequest), Object(CakeResponse))
#1 {main}
2014-09-25 08:07:55 Error: [MissingControllerException] Controller class CakeunittestController could not be found.
Exception Attributes: array (
  'class' => 'CakeunittestController',
  'plugin' => NULL,
)
Request URL: /cakeUnitTest/public/cakeunittest/
Stack Trace:
#0 /vagrant/cakeUnitTest/public/webroot/index.php(110): Dispatcher->dispatch(Object(CakeRequest), Object(CakeResponse))
#1 {main}
2014-09-25 08:07:57 Error: [MissingControllerException] Controller class CakeUnitTestController could not be found.
Exception Attributes: array (
  'class' => 'CakeUnitTestController',
  'plugin' => NULL,
)
Request URL: /cakeUnitTest/public/cakeUnitTest/public/favicon.ico
Stack Trace:
#0 /vagrant/cakeUnitTest/public/webroot/index.php(110): Dispatcher->dispatch(Object(CakeRequest), Object(CakeResponse))
#1 {main}
2014-09-25 08:07:58 Error: [MissingControllerException] Controller class CakeUnitTestController could not be found.
Exception Attributes: array (
  'class' => 'CakeUnitTestController',
  'plugin' => NULL,
)
Request URL: /cakeUnitTest/public/cakeUnitTest/public/favicon.ico
Stack Trace:
#0 /vagrant/cakeUnitTest/public/webroot/index.php(110): Dispatcher->dispatch(Object(CakeRequest), Object(CakeResponse))
#1 {main}
2014-09-25 08:08:18 Error: [MissingControllerException] Controller class CakeunittestController could not be found.
Exception Attributes: array (
  'class' => 'CakeunittestController',
  'plugin' => NULL,
)
Request URL: /cakeUnitTest/public/cakeunittest/
Stack Trace:
#0 /vagrant/cakeUnitTest/public/webroot/index.php(110): Dispatcher->dispatch(Object(CakeRequest), Object(CakeResponse))
#1 {main}
2014-09-25 08:08:22 Error: [MissingControllerException] Controller class CakeUnitTestController could not be found.
Exception Attributes: array (
  'class' => 'CakeUnitTestController',
  'plugin' => NULL,
)
Request URL: /cakeUnitTest/public/cakeUnitTest/public/favicon.ico
Stack Trace:
#0 /vagrant/cakeUnitTest/public/webroot/index.php(110): Dispatcher->dispatch(Object(CakeRequest), Object(CakeResponse))
#1 {main}
2014-09-25 08:08:23 Error: [MissingControllerException] Controller class CakeUnitTestController could not be found.
Exception Attributes: array (
  'class' => 'CakeUnitTestController',
  'plugin' => NULL,
)
Request URL: /cakeUnitTest/public/cakeUnitTest/public/favicon.ico
Stack Trace:
#0 /vagrant/cakeUnitTest/public/webroot/index.php(110): Dispatcher->dispatch(Object(CakeRequest), Object(CakeResponse))
#1 {main}
2014-09-25 08:08:43 Error: [MissingControllerException] Controller class CakeunittestController could not be found.
Exception Attributes: array (
  'class' => 'CakeunittestController',
  'plugin' => NULL,
)
Request URL: /cakeUnitTest/public/cakeunittest/
Stack Trace:
#0 /vagrant/cakeUnitTest/public/webroot/index.php(110): Dispatcher->dispatch(Object(CakeRequest), Object(CakeResponse))
#1 {main}
2014-09-25 08:08:46 Error: [MissingControllerException] Controller class CakeUnitTestController could not be found.
Exception Attributes: array (
  'class' => 'CakeUnitTestController',
  'plugin' => NULL,
)
Request URL: /cakeUnitTest/public/cakeUnitTest/public/favicon.ico
Stack Trace:
#0 /vagrant/cakeUnitTest/public/webroot/index.php(110): Dispatcher->dispatch(Object(CakeRequest), Object(CakeResponse))
#1 {main}
2014-09-25 08:08:47 Error: [MissingControllerException] Controller class CakeUnitTestController could not be found.
Exception Attributes: array (
  'class' => 'CakeUnitTestController',
  'plugin' => NULL,
)
Request URL: /cakeUnitTest/public/cakeUnitTest/public/favicon.ico
Stack Trace:
#0 /vagrant/cakeUnitTest/public/webroot/index.php(110): Dispatcher->dispatch(Object(CakeRequest), Object(CakeResponse))
#1 {main}
2014-09-25 08:08:48 Error: [MissingControllerException] Controller class CakeunittestController could not be found.
Exception Attributes: array (
  'class' => 'CakeunittestController',
  'plugin' => NULL,
)
Request URL: /cakeUnitTest/public/cakeunittest/
Stack Trace:
#0 /vagrant/cakeUnitTest/public/webroot/index.php(110): Dispatcher->dispatch(Object(CakeRequest), Object(CakeResponse))
#1 {main}
2014-09-25 08:08:51 Error: [MissingControllerException] Controller class CakeUnitTestController could not be found.
Exception Attributes: array (
  'class' => 'CakeUnitTestController',
  'plugin' => NULL,
)
Request URL: /cakeUnitTest/public/cakeUnitTest/public/favicon.ico
Stack Trace:
#0 /vagrant/cakeUnitTest/public/webroot/index.php(110): Dispatcher->dispatch(Object(CakeRequest), Object(CakeResponse))
#1 {main}
2014-09-25 08:08:52 Error: [MissingControllerException] Controller class CakeUnitTestController could not be found.
Exception Attributes: array (
  'class' => 'CakeUnitTestController',
  'plugin' => NULL,
)
Request URL: /cakeUnitTest/public/cakeUnitTest/public/favicon.ico
Stack Trace:
#0 /vagrant/cakeUnitTest/public/webroot/index.php(110): Dispatcher->dispatch(Object(CakeRequest), Object(CakeResponse))
#1 {main}
2014-09-25 08:09:23 Error: [MissingControllerException] Controller class CakeunittestController could not be found.
Exception Attributes: array (
  'class' => 'CakeunittestController',
  'plugin' => NULL,
)
Request URL: /cakeUnitTest/public/cakeunittest/
Stack Trace:
#0 /vagrant/cakeUnitTest/public/webroot/index.php(110): Dispatcher->dispatch(Object(CakeRequest), Object(CakeResponse))
#1 {main}
2014-09-25 08:09:26 Error: [MissingControllerException] Controller class CakeUnitTestController could not be found.
Exception Attributes: array (
  'class' => 'CakeUnitTestController',
  'plugin' => NULL,
)
Request URL: /cakeUnitTest/public/cakeUnitTest/public/favicon.ico
Stack Trace:
#0 /vagrant/cakeUnitTest/public/webroot/index.php(110): Dispatcher->dispatch(Object(CakeRequest), Object(CakeResponse))
#1 {main}
2014-09-25 08:09:27 Error: [MissingControllerException] Controller class CakeUnitTestController could not be found.
Exception Attributes: array (
  'class' => 'CakeUnitTestController',
  'plugin' => NULL,
)
Request URL: /cakeUnitTest/public/cakeUnitTest/public/favicon.ico
Stack Trace:
#0 /vagrant/cakeUnitTest/public/webroot/index.php(110): Dispatcher->dispatch(Object(CakeRequest), Object(CakeResponse))
#1 {main}
2014-09-25 08:15:04 Error: [MissingControllerException] Controller class CakeunittestController could not be found.
Exception Attributes: array (
  'class' => 'CakeunittestController',
  'plugin' => NULL,
)
Request URL: /cakeunittest/cakeunittest/favicon.ico
Stack Trace:
#0 /vagrant/cakeUnitTest/public/webroot/index.php(110): Dispatcher->dispatch(Object(CakeRequest), Object(CakeResponse))
#1 {main}
2014-09-25 08:15:05 Error: [MissingControllerException] Controller class CakeunittestController could not be found.
Exception Attributes: array (
  'class' => 'CakeunittestController',
  'plugin' => NULL,
)
Request URL: /cakeunittest/cakeunittest/favicon.ico
Stack Trace:
#0 /vagrant/cakeUnitTest/public/webroot/index.php(110): Dispatcher->dispatch(Object(CakeRequest), Object(CakeResponse))
#1 {main}
2014-09-25 08:15:20 Error: [MissingControllerException] Controller class CakeunittestController could not be found.
Exception Attributes: array (
  'class' => 'CakeunittestController',
  'plugin' => NULL,
)
Request URL: /cakeunittest/cakeunittest/favicon.ico
Stack Trace:
#0 /vagrant/cakeUnitTest/public/webroot/index.php(110): Dispatcher->dispatch(Object(CakeRequest), Object(CakeResponse))
#1 {main}
2014-09-25 08:15:21 Error: [MissingControllerException] Controller class CakeunittestController could not be found.
Exception Attributes: array (
  'class' => 'CakeunittestController',
  'plugin' => NULL,
)
Request URL: /cakeunittest/cakeunittest/favicon.ico
Stack Trace:
#0 /vagrant/cakeUnitTest/public/webroot/index.php(110): Dispatcher->dispatch(Object(CakeRequest), Object(CakeResponse))
#1 {main}
2014-09-25 08:26:58 Error: [MissingControllerException] Controller class CakeunittestController could not be found.
Exception Attributes: array (
  'class' => 'CakeunittestController',
  'plugin' => NULL,
)
Request URL: /cakeunittest/cakeunittest/favicon.ico
Stack Trace:
#0 /vagrant/cakeUnitTest/public/webroot/index.php(110): Dispatcher->dispatch(Object(CakeRequest), Object(CakeResponse))
#1 {main}
2014-09-25 08:26:59 Error: [MissingControllerException] Controller class CakeunittestController could not be found.
Exception Attributes: array (
  'class' => 'CakeunittestController',
  'plugin' => NULL,
)
Request URL: /cakeunittest/cakeunittest/favicon.ico
Stack Trace:
#0 /vagrant/cakeUnitTest/public/webroot/index.php(110): Dispatcher->dispatch(Object(CakeRequest), Object(CakeResponse))
#1 {main}
2014-09-26 02:52:06 Error: [MissingControllerException] Controller class CakeunittestController could not be found.
Exception Attributes: array (
  'class' => 'CakeunittestController',
  'plugin' => NULL,
)
Request URL: /cakeunittest/cakeunittest/favicon.ico
Stack Trace:
#0 /vagrant/cakeUnitTest/public/webroot/index.php(110): Dispatcher->dispatch(Object(CakeRequest), Object(CakeResponse))
#1 {main}
2014-09-26 02:52:07 Error: [MissingControllerException] Controller class CakeunittestController could not be found.
Exception Attributes: array (
  'class' => 'CakeunittestController',
  'plugin' => NULL,
)
Request URL: /cakeunittest/cakeunittest/favicon.ico
Stack Trace:
#0 /vagrant/cakeUnitTest/public/webroot/index.php(110): Dispatcher->dispatch(Object(CakeRequest), Object(CakeResponse))
#1 {main}
2014-09-26 08:21:01 Error: [MissingControllerException] Controller class CakeunittestController could not be found.
Exception Attributes: array (
  'class' => 'CakeunittestController',
  'plugin' => NULL,
)
Request URL: /cakeunittest/cakeunittest/favicon.ico
Stack Trace:
#0 /vagrant/cakeUnitTest/public/webroot/index.php(110): Dispatcher->dispatch(Object(CakeRequest), Object(CakeResponse))
#1 {main}
2014-09-26 08:21:03 Error: [MissingControllerException] Controller class CakeunittestController could not be found.
Exception Attributes: array (
  'class' => 'CakeunittestController',
  'plugin' => NULL,
)
Request URL: /cakeunittest/cakeunittest/favicon.ico
Stack Trace:
#0 /vagrant/cakeUnitTest/public/webroot/index.php(110): Dispatcher->dispatch(Object(CakeRequest), Object(CakeResponse))
#1 {main}
